C51 COMPILER V9.57.0.0   MOTOR                                                             05/26/2019 22:31:49 PAGE 1   


C51 COMPILER V9.57.0.0, COMPILATION OF MODULE MOTOR
OBJECT MODULE PLACED IN .\Objects\motor.obj
COMPILER INVOKED BY: C:\Keil_v5\C51\BIN\C51.EXE motor.c OPTIMIZE(8,SPEED) BROWSE DEBUG OBJECTEXTEND PRINT(.\Listings\mot
                    -or.lst) TABS(2) OBJECT(.\Objects\motor.obj)

line level    source

   1          #include<reg51.h>
   2          sbit I1 = P1^0;
   3          sbit I2 = P1^1;
   4          sbit I3 = P1^2;
   5          sbit I4 = P1^3;
   6          sbit S1 = P1^4;
   7          sbit S2 = P1^5;
   8          main()
   9          {
  10   1        S1 = 1;
  11   1        S2 = 1;
  12   1        while(1)
  13   1        {
  14   2          if(S1 == 0)
  15   2          {
  16   3            I1 = 1;
  17   3            I2 = 0;
  18   3            I3 = 0;
  19   3            I4 = 1;
  20   3          }
  21   2          else if (S2 == 0)
  22   2          {
  23   3            I1 = 0;
  24   3            I2 = 1;
  25   3            I3 = 1;
  26   3            I4 = 0;
  27   3          }
  28   2          else
  29   2          {
  30   3            I1 = 0;
  31   3            I2 = 0;
  32   3            I3 = 0;
  33   3            I4 = 0;
  34   3          }
  35   2        }
  36   1      }


MODULE INFORMATION:   STATIC OVERLAYABLE
   CODE SIZE        =     40    ----
   CONSTANT SIZE    =   ----    ----
   XDATA SIZE       =   ----    ----
   PDATA SIZE       =   ----    ----
   DATA SIZE        =   ----    ----
   IDATA SIZE       =   ----    ----
   BIT SIZE         =   ----    ----
END OF MODULE INFORMATION.


C51 COMPILATION COMPLETE.  0 WARNING(S),  0 ERROR(S)
