C51 COMPILER V9.57.0.0   POOJA_PRINT                                                       05/24/2019 23:59:20 PAGE 1   


C51 COMPILER V9.57.0.0, COMPILATION OF MODULE POOJA_PRINT
OBJECT MODULE PLACED IN .\Objects\pooja print.obj
COMPILER INVOKED BY: C:\Keil_v5\C51\BIN\C51.EXE pooja print.c OPTIMIZE(8,SPEED) BROWSE DEBUG OBJECTEXTEND PRINT(.\Listin
                    -gs\pooja print.lst) TABS(2) OBJECT(.\Objects\pooja print.obj)

line level    source

   1          #include<reg51.h>
   2          unsigned int a[10] = {0x8C,0xFF,0xC0,0xFF,0xC0,0xFF,0xF1,0xFF,0x88,0xFF} ;
   3          void delay(unsigned int);
   4          
   5          main()
   6          {
   7   1        unsigned int i;
   8   1        while(1)
   9   1        {
  10   2          for(i=0;i<10;i++)
  11   2          {
  12   3            P1 = a[i];
  13   3            delay(1000000000);
  14   3          }
  15   2        }
  16   1      }
  17          
  18          void delay(unsigned int itime)
  19          {
  20   1        unsigned int i,j;
  21   1        for(i=0;i<itime;i++);
  22   1        for(j=0;j<1275;j++);
  23   1      }


MODULE INFORMATION:   STATIC OVERLAYABLE
   CODE SIZE        =     74    ----
   CONSTANT SIZE    =   ----    ----
   XDATA SIZE       =   ----    ----
   PDATA SIZE       =   ----    ----
   DATA SIZE        =     20       2
   IDATA SIZE       =   ----    ----
   BIT SIZE         =   ----    ----
END OF MODULE INFORMATION.


C51 COMPILATION COMPLETE.  0 WARNING(S),  0 ERROR(S)
