C51 COMPILER V9.57.0.0   SWITCH_LED_OPTM                                                   05/24/2019 20:38:09 PAGE 1   


C51 COMPILER V9.57.0.0, COMPILATION OF MODULE SWITCH_LED_OPTM
OBJECT MODULE PLACED IN .\Objects\Switch_led_optm.obj
COMPILER INVOKED BY: C:\Keil_v5\C51\BIN\C51.EXE Switch_led_optm.c OPTIMIZE(8,SPEED) BROWSE DEBUG OBJECTEXTEND PRINT(.\Li
                    -stings\Switch_led_optm.lst) TABS(2) OBJECT(.\Objects\Switch_led_optm.obj)

line level    source

   1          #include<reg51.h>
   2          sbit led = P1^1;
   3          sbit sw = P1^2;
   4          main()
   5          {
   6   1        led = 0;
   7   1        sw = 1;
   8   1        while(1)
   9   1        {
  10   2          if(sw == 0)
  11   2          {
  12   3            led = 1;
  13   3          }
  14   2          else
  15   2          {
  16   3            led = 0;
  17   3          }
  18   2        }
  19   1      }
  20            


MODULE INFORMATION:   STATIC OVERLAYABLE
   CODE SIZE        =     15    ----
   CONSTANT SIZE    =   ----    ----
   XDATA SIZE       =   ----    ----
   PDATA SIZE       =   ----    ----
   DATA SIZE        =   ----    ----
   IDATA SIZE       =   ----    ----
   BIT SIZE         =   ----    ----
END OF MODULE INFORMATION.


C51 COMPILATION COMPLETE.  0 WARNING(S),  0 ERROR(S)
